2017-09-14 09:32:06.118  INFO 4612 --- [main] c.y.LogicsticMarketApplicationTests      : Starting LogicsticMarketApplicationTests on DESKTOP-LDP6EUN with PID 4612 (started by hecha in C:\Others\project\logistics\logicstic-market)
2017-09-14 09:32:06.120  INFO 4612 --- [main] c.y.LogicsticMarketApplicationTests      : The following profiles are active: dev
2017-09-14 09:32:06.175  INFO 4612 --- [main] o.s.w.c.s.GenericWebApplicationContext   : Refreshing org.springframework.web.context.support.GenericWebApplicationContext@71def8f8: startup date [Thu Sep 14 09:32:06 CST 2017]; root of context hierarchy
2017-09-14 09:32:09.096  INFO 4612 --- [main] .s.d.r.c.RepositoryConfigurationDelegate : Multiple Spring Data modules found, entering strict repository configuration mode!
2017-09-14 09:32:11.260  INFO 4612 --- [main] o.s.b.f.s.DefaultListableBeanFactory     : Overriding bean definition for bean 'propertySourcesPlaceholderConfigurer' with a different definition: replacing [Root bean: class [org.springframework.boot.autoconfigure.context.PropertyPlaceholderAutoConfiguration]; scope=; abstract=false; lazyInit=false; autowireMode=3; dependencyCheck=0; autowireCandidate=true; primary=false; factoryBeanName=null; factoryMethodName=propertySourcesPlaceholderConfigurer; initMethodName=null; destroyMethodName=(inferred); defined in class path resource [org/springframework/boot/autoconfigure/context/PropertyPlaceholderAutoConfiguration.class]] with [Root bean: class [org.springframework.boot.autoconfigure.session.RedisSessionConfiguration$SpringBootRedisHttpSessionConfiguration]; scope=; abstract=false; lazyInit=false; autowireMode=3; dependencyCheck=0; autowireCandidate=true; primary=false; factoryBeanName=null; factoryMethodName=propertySourcesPlaceholderConfigurer; initMethodName=null; destroyMethodName=(inferred); defined in class path resource [org/springframework/boot/autoconfigure/session/RedisSessionConfiguration$SpringBootRedisHttpSessionConfiguration.class]]
2017-09-14 09:32:12.578  INFO 4612 --- [main] s.w.s.m.m.a.RequestMappingHandlerAdapter : Looking for @ControllerAdvice: org.springframework.web.context.support.GenericWebApplicationContext@71def8f8: startup date [Thu Sep 14 09:32:06 CST 2017]; root of context hierarchy
2017-09-14 09:32:12.586  INFO 4612 --- [main] s.w.s.m.m.a.RequestMappingHandlerAdapter : Detected ResponseBodyAdvice bean in fastJsonpResponseBodyAdvice
2017-09-14 09:32:12.645  INFO 4612 --- [main] s.w.s.m.m.a.RequestMappingHandlerMapping : Mapped "{[/consignor/deleteConsignor],methods=[POST]}" onto public com.yydscm.view.Result<?> com.yydscm.Controller.consignor.ConsignorController.deleteConsignor(java.util.Map<java.lang.String, java.lang.Object>)
2017-09-14 09:32:12.648  INFO 4612 --- [main] s.w.s.m.m.a.RequestMappingHandlerMapping : Mapped "{[/consignor/addConsignor],methods=[POST]}" onto public com.yydscm.view.Result<?> com.yydscm.Controller.consignor.ConsignorController.addConsignor(java.util.Map<java.lang.String, java.lang.Object>)
2017-09-14 09:32:12.648  INFO 4612 --- [main] s.w.s.m.m.a.RequestMappingHandlerMapping : Mapped "{[/consignor/selectConsignorList],methods=[POST]}" onto public com.yydscm.view.Result<?> com.yydscm.Controller.consignor.ConsignorController.selectConsignorList(java.util.Map<java.lang.String, java.lang.Object>,org.apache.catalina.servlet4preview.http.HttpServletRequest)
2017-09-14 09:32:12.649  INFO 4612 --- [main] s.w.s.m.m.a.RequestMappingHandlerMapping : Mapped "{[/test],methods=[POST]}" onto public java.lang.Object com.yydscm.Controller.LoginController.test()
2017-09-14 09:32:12.649  INFO 4612 --- [main] s.w.s.m.m.a.RequestMappingHandlerMapping : Mapped "{[/user]}" onto public java.util.List<java.util.Map<java.lang.String, java.lang.Object>> com.yydscm.Controller.LoginController.User(javax.servlet.http.HttpSession)
2017-09-14 09:32:12.650  INFO 4612 --- [main] s.w.s.m.m.a.RequestMappingHandlerMapping : Mapped "{[/]}" onto public org.springframework.web.servlet.ModelAndView com.yydscm.Controller.LoginController.Index(javax.servlet.http.HttpSession)
2017-09-14 09:32:12.651  INFO 4612 --- [main] s.w.s.m.m.a.RequestMappingHandlerMapping : Mapped "{[/testupdate]}" onto public java.lang.String com.yydscm.Controller.LoginController.testupdate()
2017-09-14 09:32:12.653  INFO 4612 --- [main] s.w.s.m.m.a.RequestMappingHandlerMapping : Mapped "{[/error]}" onto public org.springframework.http.ResponseEntity<java.util.Map<java.lang.String, java.lang.Object>> org.springframework.boot.autoconfigure.web.BasicErrorController.error(javax.servlet.http.HttpServletRequest)
2017-09-14 09:32:12.653  INFO 4612 --- [main] s.w.s.m.m.a.RequestMappingHandlerMapping : Mapped "{[/error],produces=[text/html]}" onto public org.springframework.web.servlet.ModelAndView org.springframework.boot.autoconfigure.web.BasicErrorController.errorHtml(javax.servlet.http.HttpServletRequest,javax.servlet.http.HttpServletResponse)
2017-09-14 09:32:12.680  INFO 4612 --- [main] o.s.w.s.handler.SimpleUrlHandlerMapping  : Mapped URL path [/webjars/**] onto handler of type [class org.springframework.web.servlet.resource.ResourceHttpRequestHandler]
2017-09-14 09:32:12.680  INFO 4612 --- [main] o.s.w.s.handler.SimpleUrlHandlerMapping  : Mapped URL path [/**] onto handler of type [class org.springframework.web.servlet.resource.ResourceHttpRequestHandler]
2017-09-14 09:32:12.697  INFO 4612 --- [main] .m.m.a.ExceptionHandlerExceptionResolver : Detected ResponseBodyAdvice implementation in fastJsonpResponseBodyAdvice
2017-09-14 09:32:12.722  INFO 4612 --- [main] o.s.w.s.handler.SimpleUrlHandlerMapping  : Mapped URL path [/**/favicon.ico] onto handler of type [class org.springframework.web.servlet.resource.ResourceHttpRequestHandler]
2017-09-14 09:32:13.173  INFO 4612 --- [main] o.s.c.support.DefaultLifecycleProcessor  : Starting beans in phase 2147483647
2017-09-14 09:32:13.182  INFO 4612 --- [main] s.a.ScheduledAnnotationBeanPostProcessor : No TaskScheduler/ScheduledExecutorService bean found for scheduled processing
2017-09-14 09:32:13.197  INFO 4612 --- [main] c.y.LogicsticMarketApplicationTests      : Started LogicsticMarketApplicationTests in 7.739 seconds (JVM running for 10.598)
2017-09-14 09:32:13.246 DEBUG 4612 --- [main] o.s.jdbc.core.JdbcTemplate               : Executing prepared SQL query
2017-09-14 09:32:13.247 DEBUG 4612 --- [main] o.s.jdbc.core.JdbcTemplate               : Executing prepared SQL statement [SELECT * FROM test_table]
2017-09-14 09:32:14.348  INFO 4612 --- [main] o.s.b.f.xml.XmlBeanDefinitionReader      : Loading XML bean definitions from class path resource [org/springframework/jdbc/support/sql-error-codes.xml]
2017-09-14 09:32:14.409  INFO 4612 --- [main] o.s.jdbc.support.SQLErrorCodesFactory    : SQLErrorCodes loaded: [DB2, Derby, H2, HSQL, Informix, MS-SQL, MySQL, Oracle, PostgreSQL, Sybase, Hana]
2017-09-14 09:32:14.432 DEBUG 4612 --- [main] o.s.jdbc.core.JdbcTemplate               : Executing prepared SQL query
2017-09-14 09:32:14.433 DEBUG 4612 --- [main] o.s.jdbc.core.JdbcTemplate               : Executing prepared SQL statement [SELECT * FROM yyd_t_billing WHERE uuid IN (?, ?, ?, ?)]
2017-09-14 09:32:14.468 DEBUG 4612 --- [main] o.s.jdbc.core.simple.SimpleJdbcInsert    : JdbcInsert not compiled before execution - invoking compile
2017-09-14 09:32:14.479  WARN 4612 --- [main] o.s.j.c.metadata.TableMetaDataProvider   : Unable to locate table meta data for 'test_table': column names must be provided
2017-09-14 09:32:14.483 DEBUG 4612 --- [main] o.s.jdbc.core.simple.SimpleJdbcInsert    : JdbcInsert not compiled before execution - invoking compile
2017-09-14 09:32:14.491  WARN 4612 --- [main] o.s.j.c.metadata.TableMetaDataProvider   : Unable to locate table meta data for 'test_table': column names must be provided
2017-09-14 09:32:14.492  INFO 4612 --- [main] o.s.j.c.metadata.TableMetaDataContext    : Unable to locate non-key columns for table 'test_table' so an empty insert statement is generated
2017-09-14 09:32:14.492 DEBUG 4612 --- [main] o.s.jdbc.core.simple.SimpleJdbcInsert    : Compiled insert object: insert string is [INSERT INTO test_table () VALUES()]
2017-09-14 09:32:14.492 DEBUG 4612 --- [main] o.s.jdbc.core.simple.SimpleJdbcInsert    : JdbcInsert for table [test_table] compiled
2017-09-14 09:32:14.492 DEBUG 4612 --- [main] o.s.jdbc.core.simple.SimpleJdbcInsert    : The following parameters are used for call INSERT INTO test_table () VALUES() with: []
2017-09-14 09:32:14.493 DEBUG 4612 --- [main] o.s.jdbc.core.JdbcTemplate               : Executing SQL update and returning generated keys
2017-09-14 09:32:14.495 DEBUG 4612 --- [main] o.s.jdbc.core.JdbcTemplate               : Executing prepared SQL statement
2017-09-14 09:32:14.495 DEBUG 4612 --- [main] o.s.jdbc.core.simple.SimpleJdbcInsert    : Using generated keys support with array of column names.
2017-09-14 09:32:14.511 DEBUG 4612 --- [main] o.s.jdbc.core.JdbcTemplate               : Executing prepared SQL update
2017-09-14 09:32:14.511 DEBUG 4612 --- [main] o.s.jdbc.core.JdbcTemplate               : Executing prepared SQL statement [update test_table set test_col=?,id=? where 1=1 and id=?]
2017-09-14 09:32:14.521  INFO 4612 --- [Thread-5] o.s.w.c.s.GenericWebApplicationContext   : Closing org.springframework.web.context.support.GenericWebApplicationContext@71def8f8: startup date [Thu Sep 14 09:32:06 CST 2017]; root of context hierarchy
2017-09-14 09:32:14.524  INFO 4612 --- [Thread-5] o.s.c.support.DefaultLifecycleProcessor  : Stopping beans in phase 2147483647
